<?xml version="1.0" encoding="UTF-8"?>
<testsuite name="CfpTest" tests="2" skipped="0" failures="0" errors="0" timestamp="2021-05-12T10:34:37" hostname="paolo" time="0.004">
  <properties/>
  <testcase name="nonEqual()" classname="CfpTest" time="0.001"/>
  <testcase name="isEqual()" classname="CfpTest" time="0.001"/>
  <system-out><![CDATA[]]></system-out>
  <system-err><![CDATA[]]></system-err>
</testsuite>
