<?xml version="1.0" encoding="UTF-8"?>
<testsuite name="AgreementTest" tests="2" skipped="0" failures="0" errors="0" timestamp="2021-04-29T17:18:01" hostname="paolo" time="0.06">
  <properties/>
  <testcase name="nonEqual()" classname="AgreementTest" time="0.056"/>
  <testcase name="isEqual()" classname="AgreementTest" time="0.001"/>
  <system-out><![CDATA[]]></system-out>
  <system-err><![CDATA[]]></system-err>
</testsuite>
